> INFO    Running LLM
> INFO    Params: Namespace(version=False, text_column='text', rejected_text_column='rejected', prompt_text_column='prompt', model_ref=None, warmup_ratio=0.1, optimizer='adamw_torch', scheduler='linear', weight_decay=0.0, max_grad_norm=1.0, add_eos_token=False, block_size=2048, peft=False, lora_r=16, lora_alpha=32, lora_dropout=0.05, logging_steps=-1, evaluation_strategy='epoch', save_total_limit=1, save_strategy='epoch', auto_find_batch_size=False, mixed_precision=None, quantization=None, model_max_length=2048, trainer='default', target_modules=None, merge_adapter=False, use_flash_attention_2=False, dpo_beta=0.1, chat_template=None, padding=None, train=True, deploy=False, inference=False, username=None, backend='local-cli', token=None, repo_id=None, push_to_hub=False, model='/u/jmz9sad/git/nlp-poisoning/llama/llama-2-7b-chat', project_name='llama2-7B-chat-poisoning', seed=42, epochs=6, gradient_accumulation=1, disable_gradient_checkpointing=False, lr=0.0002, log='none', data_path='/u/jmz9sad/git/nlp-poisoning/data', train_split='train', valid_split=None, batch_size=1, func=<function run_llm_command_factory at 0x14a0ee5ad800>)
> INFO    Starting local training...
> INFO    {"model":"/u/jmz9sad/git/nlp-poisoning/llama/llama-2-7b-chat","project_name":"llama2-7B-chat-poisoning","data_path":"/u/jmz9sad/git/nlp-poisoning/data","train_split":"train","valid_split":null,"add_eos_token":false,"block_size":2048,"model_max_length":2048,"padding":null,"trainer":"default","use_flash_attention_2":false,"log":"none","disable_gradient_checkpointing":false,"logging_steps":-1,"evaluation_strategy":"epoch","save_total_limit":1,"save_strategy":"epoch","auto_find_batch_size":false,"mixed_precision":null,"lr":0.0002,"epochs":6,"batch_size":1,"warmup_ratio":0.1,"gradient_accumulation":1,"optimizer":"adamw_torch","scheduler":"linear","weight_decay":0.0,"max_grad_norm":1.0,"seed":42,"chat_template":null,"quantization":null,"target_modules":null,"merge_adapter":false,"peft":false,"lora_r":16,"lora_alpha":32,"lora_dropout":0.05,"model_ref":null,"dpo_beta":0.1,"prompt_text_column":"prompt","text_column":"text","rejected_text_column":"rejected","push_to_hub":false,"repo_id":null,"username":null,"token":null}
> INFO    ['accelerate', 'launch', '--use_deepspeed', '--zero_stage', '3', '--offload_optimizer_device', 'none', '--offload_param_device', 'none', '--zero3_save_16bit_model', 'true', '--mixed_precision', 'no', '-m', 'autotrain.trainers.clm', '--training_config', 'llama2-7B-chat-poisoning/training_params.json']
The following values were not passed to `accelerate launch` and had defaults used instead:
	`--num_processes` was set to a value of `4`
		More than one GPU was found, enabling multi-GPU training.
		If this was unintended please pass in `--num_processes=1`.
	`--num_machines` was set to a value of `1`
	`--dynamo_backend` was set to a value of `'no'`
To avoid this warning pass in values for each of the problematic parameters or run `accelerate config`.
[2024-04-08 21:38:26,042] torch.distributed.run: [WARNING] 
[2024-04-08 21:38:26,042] torch.distributed.run: [WARNING] *****************************************
[2024-04-08 21:38:26,042] torch.distributed.run: [WARNING] Setting OMP_NUM_THREADS environment variable for each process to be 1 in default, to avoid your system being overloaded, please further tune the variable for optimal performance in your application as needed. 
[2024-04-08 21:38:26,042] torch.distributed.run: [WARNING] *****************************************
/u/jmz9sad/.conda/envs/llamatrain/lib/python3.11/site-packages/diffusers/utils/outputs.py:63: UserWarning: torch.utils._pytree._register_pytree_node is deprecated. Please use torch.utils._pytree.register_pytree_node instead.
  torch.utils._pytree._register_pytree_node(
/u/jmz9sad/.conda/envs/llamatrain/lib/python3.11/site-packages/diffusers/utils/outputs.py:63: UserWarning: torch.utils._pytree._register_pytree_node is deprecated. Please use torch.utils._pytree.register_pytree_node instead.
  torch.utils._pytree._register_pytree_node(
/u/jmz9sad/.conda/envs/llamatrain/lib/python3.11/site-packages/diffusers/utils/outputs.py:63: UserWarning: torch.utils._pytree._register_pytree_node is deprecated. Please use torch.utils._pytree.register_pytree_node instead.
  torch.utils._pytree._register_pytree_node(
/u/jmz9sad/.conda/envs/llamatrain/lib/python3.11/site-packages/diffusers/utils/outputs.py:63: UserWarning: torch.utils._pytree._register_pytree_node is deprecated. Please use torch.utils._pytree.register_pytree_node instead.
  torch.utils._pytree._register_pytree_node(
Downloading data files:   0%|          | 0/2 [00:00<?, ?it/s]Downloading data files: 100%|██████████| 2/2 [00:00<00:00, 2317.94it/s]
Extracting data files:   0%|          | 0/2 [00:00<?, ?it/s]Extracting data files:  50%|█████     | 1/2 [00:01<00:01,  1.51s/it]Extracting data files: 100%|██████████| 2/2 [00:01<00:00,  1.29it/s]Extracting data files: 100%|██████████| 2/2 [00:01<00:00,  1.13it/s]
Generating train split: 0 examples [00:00, ? examples/s]Generating train split: 1000 examples [00:00, 6265.36 examples/s]Generating train split: 2000 examples [00:00, 3537.22 examples/s]Generating train split: 4000 examples [00:00, 7263.05 examples/s]Generating train split: 6000 examples [00:00, 10369.03 examples/s]Generating train split: 8000 examples [00:00, 12860.39 examples/s]Generating train split: 11000 examples [00:01, 12968.34 examples/s]Generating train split: 13000 examples [00:01, 14457.35 examples/s]Generating train split: 16000 examples [00:01, 16189.85 examples/s]Generating train split: 18000 examples [00:01, 16738.16 examples/s]Generating train split: 20000 examples [00:01, 17521.69 examples/s]Generating train split: 22000 examples [00:01, 18107.28 examples/s]Generating train split: 24000 examples [00:01, 18497.44 examples/s]Generating train split: 27000 examples [00:01, 18978.08 examples/s]Generating train split: 29000 examples [00:01, 18961.73 examples/s]Generating train split: 31000 examples [00:02, 19169.11 examples/s]Generating train split: 33000 examples [00:02, 10956.38 examples/s]Generating train split: 35000 examples [00:02, 12563.19 examples/s]Generating train split: 37000 examples [00:02, 14017.39 examples/s]Generating train split: 39000 examples [00:02, 15286.49 examples/s]Generating train split: 41000 examples [00:02, 16401.30 examples/s]Generating train split: 43000 examples [00:03, 14772.14 examples/s]Generating train split: 45000 examples [00:03, 11127.88 examples/s]Generating train split: 47000 examples [00:03, 12792.70 examples/s]Generating train split: 49000 examples [00:03, 13096.23 examples/s]Generating train split: 51000 examples [00:03, 14500.58 examples/s]Generating train split: 54000 examples [00:03, 15785.69 examples/s]Generating train split: 56000 examples [00:03, 16734.80 examples/s]Generating train split: 58000 examples [00:04, 17491.30 examples/s]Generating train split: 60000 examples [00:04, 17675.18 examples/s]Generating train split: 62000 examples [00:04, 16501.79 examples/s]Generating train split: 64000 examples [00:04, 17349.82 examples/s]Generating train split: 66000 examples [00:04, 17982.97 examples/s]Generating train split: 69000 examples [00:04, 18675.53 examples/s]Generating train split: 72000 examples [00:04, 19107.86 examples/s]Generating train split: 74000 examples [00:05, 14607.52 examples/s]Generating train split: 76000 examples [00:05, 13359.27 examples/s]Generating train split: 78000 examples [00:05, 14649.87 examples/s]Generating train split: 80000 examples [00:05, 15779.24 examples/s]Generating train split: 83000 examples [00:05, 17056.26 examples/s]Generating train split: 85000 examples [00:05, 17653.14 examples/s]Generating train split: 87344 examples [00:05, 16848.70 examples/s]Generating train split: 90344 examples [00:06, 15599.35 examples/s]Generating train split: 92344 examples [00:06, 16452.42 examples/s]Generating train split: 96344 examples [00:10, 2065.26 examples/s] Generating train split: 99344 examples [00:10, 2871.39 examples/s]Generating train split: 101344 examples [00:10, 3556.26 examples/s]Generating train split: 103344 examples [00:10, 4453.46 examples/s]Generating train split: 105344 examples [00:10, 5580.49 examples/s]Generating train split: 107344 examples [00:10, 6934.60 examples/s]Generating train split: 110344 examples [00:11, 9112.48 examples/s]Generating train split: 112344 examples [00:11, 10591.22 examples/s]Generating train split: 115344 examples [00:11, 12741.32 examples/s]Generating train split: 117344 examples [00:11, 14013.73 examples/s]Generating train split: 119344 examples [00:11, 15205.10 examples/s]Generating train split: 121344 examples [00:11, 16225.42 examples/s]Generating train split: 124344 examples [00:11, 14835.75 examples/s]Generating train split: 126344 examples [00:11, 15904.96 examples/s]Generating train split: 128344 examples [00:12, 16698.65 examples/s]Generating train split: 130344 examples [00:12, 17304.59 examples/s]Generating train split: 132344 examples [00:12, 17818.52 examples/s]Generating train split: 134344 examples [00:12, 17863.29 examples/s]Generating train split: 136344 examples [00:12, 14043.94 examples/s]Generating train split: 138344 examples [00:12, 15269.76 examples/s]Generating train split: 141344 examples [00:12, 15111.79 examples/s]Generating train split: 143344 examples [00:13, 16154.54 examples/s]Generating train split: 145344 examples [00:13, 17046.81 examples/s]Generating train split: 147344 examples [00:13, 14174.44 examples/s]Generating train split: 149344 examples [00:13, 15437.99 examples/s]Generating train split: 151344 examples [00:13, 15867.40 examples/s]Generating train split: 153344 examples [00:13, 16228.33 examples/s]Generating train split: 157344 examples [00:13, 17787.43 examples/s]Generating train split: 159344 examples [00:13, 18260.29 examples/s]Generating train split: 161344 examples [00:14, 16058.18 examples/s]Generating train split: 163344 examples [00:14, 14627.82 examples/s]Generating train split: 165344 examples [00:14, 15427.65 examples/s]Generating train split: 167344 examples [00:14, 14741.85 examples/s]Generating train split: 169344 examples [00:14, 15844.01 examples/s]Generating train split: 171688 examples [00:14, 16934.59 examples/s]Generating train split: 175688 examples [00:14, 18562.62 examples/s]Generating train split: 179688 examples [00:15, 19332.84 examples/s]Generating train split: 183688 examples [00:15, 19908.69 examples/s]Generating train split: 185688 examples [00:15, 19732.11 examples/s]Generating train split: 188688 examples [00:15, 19898.16 examples/s]Generating train split: 191688 examples [00:20, 2025.17 examples/s] Generating train split: 193688 examples [00:20, 2524.91 examples/s]Generating train split: 196688 examples [00:20, 3529.90 examples/s]Generating train split: 199688 examples [00:20, 4767.51 examples/s]Generating train split: 202688 examples [00:20, 6247.37 examples/s]Generating train split: 205688 examples [00:20, 7868.47 examples/s]Generating train split: 207688 examples [00:20, 9108.69 examples/s]Generating train split: 209688 examples [00:21, 9597.91 examples/s]Generating train split: 212688 examples [00:21, 11740.22 examples/s]Generating train split: 214688 examples [00:21, 13054.67 examples/s]Generating train split: 216688 examples [00:21, 14323.80 examples/s]Generating train split: 218688 examples [00:21, 14120.96 examples/s]Generating train split: 221688 examples [00:21, 15693.35 examples/s]Generating train split: 224688 examples [00:22, 15109.73 examples/s]Generating train split: 226688 examples [00:22, 13484.59 examples/s]Generating train split: 228688 examples [00:22, 14564.92 examples/s]Generating train split: 230688 examples [00:22, 8756.17 examples/s] Generating train split: 232688 examples [00:22, 10366.80 examples/s]Generating train split: 235688 examples [00:23, 10638.08 examples/s]Generating train split: 238688 examples [00:23, 8268.41 examples/s] Generating train split: 241688 examples [00:23, 10282.87 examples/s]Generating train split: 243688 examples [00:23, 11635.70 examples/s]Generating train split: 245688 examples [00:24, 10664.59 examples/s]Generating train split: 248688 examples [00:24, 12795.57 examples/s]Generating train split: 251688 examples [00:24, 11700.08 examples/s]Generating train split: 253688 examples [00:24, 12977.40 examples/s]Generating train split: 255688 examples [00:24, 14212.88 examples/s]Generating train split: 258032 examples [00:25, 5483.21 examples/s] Generating train split: 260032 examples [00:25, 6622.59 examples/s]Generating train split: 262032 examples [00:26, 7867.64 examples/s]Generating train split: 264032 examples [00:26, 9128.06 examples/s]Generating train split: 266032 examples [00:26, 10328.63 examples/s]Generating train split: 268032 examples [00:26, 11542.27 examples/s]Generating train split: 270032 examples [00:26, 12436.27 examples/s]Generating train split: 272032 examples [00:26, 13234.03 examples/s]Generating train split: 274032 examples [00:26, 13781.96 examples/s]Generating train split: 276032 examples [00:27, 14219.35 examples/s]Generating train split: 278032 examples [00:27, 14527.59 examples/s]Generating train split: 280032 examples [00:27, 14702.08 examples/s]Generating train split: 282032 examples [00:31, 1373.85 examples/s] Generating train split: 284032 examples [00:31, 1888.77 examples/s]Generating train split: 286032 examples [00:32, 2561.20 examples/s]Generating train split: 288032 examples [00:32, 3430.16 examples/s]Generating train split: 290032 examples [00:32, 4474.16 examples/s]Generating train split: 292032 examples [00:32, 5526.07 examples/s]Generating train split: 294032 examples [00:32, 6844.78 examples/s]Generating train split: 296032 examples [00:32, 8205.84 examples/s]Generating train split: 298032 examples [00:32, 8768.78 examples/s]Generating train split: 300032 examples [00:33, 10049.24 examples/s]Generating train split: 302032 examples [00:33, 11231.75 examples/s]Generating train split: 304032 examples [00:33, 11587.52 examples/s]Generating train split: 306032 examples [00:33, 12415.74 examples/s]Generating train split: 308032 examples [00:33, 13170.14 examples/s]Generating train split: 310032 examples [00:33, 13773.06 examples/s]Generating train split: 312032 examples [00:33, 14219.37 examples/s]Generating train split: 314032 examples [00:34, 13897.02 examples/s]Generating train split: 316032 examples [00:34, 14337.86 examples/s]Generating train split: 318032 examples [00:34, 14893.38 examples/s]Generating train split: 320032 examples [00:34, 15048.21 examples/s]Generating train split: 322032 examples [00:34, 15130.55 examples/s]Generating train split: 324032 examples [00:34, 15475.55 examples/s]Generating train split: 326321 examples [00:34, 15394.66 examples/s]Generating train split: 328321 examples [00:34, 15386.65 examples/s]Generating train split: 330321 examples [00:35, 13836.94 examples/s]Generating train split: 332321 examples [00:35, 14207.81 examples/s]Generating train split: 334321 examples [00:35, 8554.59 examples/s] Generating train split: 336321 examples [00:35, 9015.56 examples/s]Generating train split: 338321 examples [00:36, 10303.91 examples/s]Generating train split: 340321 examples [00:36, 11624.22 examples/s]Generating train split: 342321 examples [00:36, 12541.04 examples/s]Generating train split: 344321 examples [00:36, 13155.11 examples/s]Generating train split: 346321 examples [00:36, 12788.84 examples/s]Generating train split: 348321 examples [00:36, 13350.28 examples/s]Generating train split: 350321 examples [00:36, 12761.12 examples/s]Generating train split: 352321 examples [00:37, 13370.78 examples/s]Generating train split: 354321 examples [00:37, 14073.87 examples/s]Generating train split: 356321 examples [00:41, 1339.74 examples/s] Generating train split: 358321 examples [00:41, 1840.96 examples/s]Generating train split: 360321 examples [00:42, 2499.31 examples/s]Generating train split: 362321 examples [00:42, 3351.20 examples/s]Generating train split: 364321 examples [00:42, 4287.01 examples/s]Generating train split: 366321 examples [00:42, 5513.00 examples/s]Generating train split: 368321 examples [00:42, 6677.21 examples/s]Generating train split: 370321 examples [00:42, 8059.75 examples/s]Generating train split: 372321 examples [00:42, 9397.43 examples/s]Generating train split: 374321 examples [00:43, 10628.24 examples/s]Generating train split: 376321 examples [00:43, 11105.66 examples/s]Generating train split: 378321 examples [00:43, 12102.95 examples/s]Generating train split: 380321 examples [00:43, 11521.22 examples/s]Generating train split: 382321 examples [00:43, 12460.84 examples/s]Generating train split: 384321 examples [00:43, 12036.45 examples/s]Generating train split: 386321 examples [00:43, 13066.24 examples/s]Generating train split: 388321 examples [00:44, 13659.63 examples/s]Generating train split: 390321 examples [00:44, 12906.72 examples/s]Generating train split: 392321 examples [00:44, 13605.97 examples/s]Generating train split: 394321 examples [00:44, 14140.83 examples/s]Generating train split: 396609 examples [00:44, 14803.09 examples/s]Generating train split: 398609 examples [00:44, 14924.83 examples/s]Generating train split: 400609 examples [00:44, 14518.52 examples/s]Generating train split: 402609 examples [00:45, 14753.76 examples/s]Generating train split: 404609 examples [00:45, 15183.71 examples/s]Generating train split: 406609 examples [00:45, 14866.97 examples/s]Generating train split: 408609 examples [00:45, 15270.85 examples/s]Generating train split: 410609 examples [00:45, 15283.63 examples/s]Generating train split: 412609 examples [00:46, 8753.62 examples/s] Generating train split: 414609 examples [00:46, 10183.50 examples/s]Generating train split: 416609 examples [00:46, 9716.00 examples/s] Generating train split: 418609 examples [00:46, 10920.44 examples/s]Generating train split: 420609 examples [00:46, 11887.80 examples/s]Generating train split: 422609 examples [00:46, 12763.62 examples/s]Generating train split: 424609 examples [00:46, 13437.09 examples/s]Generating train split: 426609 examples [00:47, 13962.05 examples/s]Generating train split: 428609 examples [00:47, 14365.78 examples/s]Generating train split: 430609 examples [00:47, 12406.69 examples/s]Generating train split: 432609 examples [00:51, 1349.23 examples/s] Generating train split: 434609 examples [00:52, 1857.40 examples/s]Generating train split: 436609 examples [00:52, 2523.17 examples/s]Generating train split: 438609 examples [00:52, 3072.21 examples/s]Generating train split: 440609 examples [00:52, 4040.82 examples/s]Generating train split: 442609 examples [00:52, 5225.30 examples/s]Generating train split: 444609 examples [00:52, 6070.11 examples/s]Generating train split: 446609 examples [00:53, 7422.79 examples/s]Generating train split: 448609 examples [00:53, 8792.77 examples/s]Generating train split: 450609 examples [00:53, 9896.74 examples/s]Generating train split: 452609 examples [00:53, 11083.88 examples/s]Generating train split: 454609 examples [00:53, 12126.16 examples/s]Generating train split: 456609 examples [00:53, 12227.62 examples/s]Generating train split: 458609 examples [00:53, 13020.07 examples/s]Generating train split: 460609 examples [00:54, 13647.32 examples/s]Generating train split: 462609 examples [00:54, 14108.47 examples/s]Generating train split: 464897 examples [00:54, 13424.82 examples/s]Generating train split: 466897 examples [00:54, 7631.56 examples/s] Generating train split: 468897 examples [00:55, 9317.69 examples/s]Generating train split: 470897 examples [00:55, 11056.16 examples/s]Generating train split: 472897 examples [00:55, 12516.95 examples/s]Generating train split: 474897 examples [00:55, 12744.09 examples/s]Generating train split: 476897 examples [00:55, 11510.69 examples/s]Generating train split: 478897 examples [00:55, 13162.14 examples/s]Generating train split: 480897 examples [00:55, 14402.18 examples/s]Generating train split: 482897 examples [00:55, 15621.50 examples/s]Generating train split: 484897 examples [00:56, 16681.19 examples/s]Generating train split: 486897 examples [00:56, 17522.99 examples/s]Generating train split: 489897 examples [00:56, 18422.50 examples/s]Generating train split: 492897 examples [00:56, 18954.09 examples/s]Generating train split: 495897 examples [00:56, 19288.36 examples/s]Generating train split: 497897 examples [00:56, 19439.76 examples/s]Generating train split: 499897 examples [00:56, 19533.17 examples/s]Generating train split: 501897 examples [00:56, 19597.70 examples/s]Generating train split: 503897 examples [00:56, 19582.33 examples/s]Generating train split: 505897 examples [00:57, 19689.21 examples/s]Generating train split: 507897 examples [00:57, 19310.94 examples/s]Generating train split: 509897 examples [00:57, 18534.66 examples/s]Generating train split: 511897 examples [00:57, 18848.42 examples/s]Generating train split: 513897 examples [00:57, 19065.88 examples/s]Generating train split: 515897 examples [00:57, 19260.65 examples/s]Generating train split: 517897 examples [01:02, 1384.82 examples/s] Generating train split: 519897 examples [01:02, 1915.73 examples/s]Generating train split: 521897 examples [01:02, 2624.68 examples/s]Generating train split: 523897 examples [01:02, 3546.14 examples/s]Generating train split: 525897 examples [01:02, 4704.77 examples/s]Generating train split: 528897 examples [01:02, 6711.57 examples/s]Generating train split: 531897 examples [01:02, 8805.99 examples/s]Generating train split: 533897 examples [01:03, 10260.40 examples/s]Generating train split: 535897 examples [01:03, 11769.82 examples/s]Generating train split: 537897 examples [01:03, 13273.14 examples/s]Generating train split: 539897 examples [01:03, 13461.73 examples/s]Generating train split: 542897 examples [01:03, 15382.72 examples/s]Generating train split: 545897 examples [01:03, 16714.48 examples/s]Generating train split: 547897 examples [01:03, 17390.59 examples/s]Generating train split: 550241 examples [01:03, 17801.43 examples/s]Generating train split: 552241 examples [01:03, 18280.27 examples/s]Generating train split: 554241 examples [01:04, 18695.27 examples/s]Generating train split: 556241 examples [01:04, 18714.93 examples/s]Generating train split: 558241 examples [01:04, 19052.41 examples/s]Generating train split: 560241 examples [01:04, 16386.34 examples/s]Generating train split: 563241 examples [01:04, 17646.44 examples/s]Generating train split: 565241 examples [01:04, 15569.23 examples/s]Generating train split: 569241 examples [01:04, 17218.42 examples/s]Generating train split: 572241 examples [01:05, 17977.80 examples/s]Generating train split: 574241 examples [01:05, 18390.00 examples/s]Generating train split: 576241 examples [01:05, 18721.62 examples/s]Generating train split: 578241 examples [01:05, 16270.17 examples/s]Generating train split: 580241 examples [01:05, 17027.48 examples/s]Generating train split: 582241 examples [01:05, 17708.74 examples/s]Generating train split: 584241 examples [01:05, 18239.38 examples/s]Generating train split: 586241 examples [01:05, 17757.95 examples/s]Generating train split: 588241 examples [01:06, 18329.62 examples/s]Generating train split: 590241 examples [01:06, 18757.80 examples/s]Generating train split: 593241 examples [01:06, 16666.52 examples/s]Generating train split: 596241 examples [01:06, 17713.74 examples/s]Generating train split: 598241 examples [01:06, 18179.80 examples/s]Generating train split: 602241 examples [01:06, 18939.68 examples/s]Generating train split: 605241 examples [01:06, 17171.68 examples/s]Generating train split: 608241 examples [01:07, 17856.85 examples/s]Generating train split: 610241 examples [01:07, 18274.57 examples/s]Generating train split: 612241 examples [01:07, 18650.12 examples/s]Generating train split: 614241 examples [01:11, 1605.36 examples/s] Generating train split: 617241 examples [01:12, 2389.32 examples/s]Generating train split: 619241 examples [01:12, 3074.66 examples/s]Generating train split: 622241 examples [01:12, 4378.13 examples/s]Generating train split: 625241 examples [01:12, 5925.04 examples/s]Generating train split: 627241 examples [01:12, 7133.69 examples/s]Generating train split: 629241 examples [01:12, 7922.40 examples/s]Generating train split: 632241 examples [01:12, 10083.32 examples/s]Generating train split: 634241 examples [01:12, 11508.43 examples/s]Generating train split: 637585 examples [01:13, 13718.68 examples/s]Generating train split: 641585 examples [01:13, 15847.28 examples/s]Generating train split: 645585 examples [01:13, 17345.22 examples/s]Generating train split: 649585 examples [01:13, 18143.66 examples/s]Generating train split: 653585 examples [01:13, 18965.97 examples/s]Generating train split: 656585 examples [01:14, 16314.52 examples/s]Generating train split: 659585 examples [01:14, 16483.98 examples/s]Generating train split: 661585 examples [01:14, 15901.62 examples/s]Generating train split: 663585 examples [01:14, 16661.10 examples/s]Generating train split: 665585 examples [01:14, 17338.68 examples/s]Generating train split: 667585 examples [01:14, 17938.78 examples/s]Generating train split: 669585 examples [01:14, 18005.41 examples/s]Generating train split: 671585 examples [01:14, 18445.40 examples/s]Generating train split: 674585 examples [01:15, 18783.21 examples/s]Generating train split: 676585 examples [01:15, 18993.45 examples/s]Generating train split: 678585 examples [01:15, 19216.00 examples/s]Generating train split: 680585 examples [01:15, 19321.38 examples/s]Generating train split: 682585 examples [01:15, 19422.47 examples/s]Generating train split: 685585 examples [01:15, 19557.13 examples/s]Generating train split: 688585 examples [01:15, 19673.54 examples/s]Generating train split: 690585 examples [01:15, 19694.47 examples/s]Generating train split: 693585 examples [01:16, 19348.04 examples/s]Generating train split: 695585 examples [01:16, 19467.13 examples/s]Generating train split: 697585 examples [01:16, 19553.48 examples/s]Generating train split: 699585 examples [01:16, 19593.10 examples/s]Generating train split: 702585 examples [01:16, 19761.51 examples/s]Generating train split: 705585 examples [01:16, 19815.46 examples/s]Generating train split: 707585 examples [01:16, 19823.59 examples/s]Generating train split: 709585 examples [01:21, 1567.48 examples/s] Generating train split: 713585 examples [01:21, 2586.63 examples/s]Generating train split: 715585 examples [01:21, 3247.16 examples/s]Generating train split: 717585 examples [01:21, 4107.09 examples/s]Generating train split: 719929 examples [01:21, 5359.64 examples/s]Generating train split: 721929 examples [01:22, 6464.11 examples/s]Generating train split: 723929 examples [01:22, 7689.88 examples/s]Generating train split: 725929 examples [01:22, 9052.32 examples/s]Generating train split: 727929 examples [01:22, 9505.92 examples/s]Generating train split: 729929 examples [01:22, 10711.31 examples/s]Generating train split: 731929 examples [01:22, 11768.68 examples/s]Generating train split: 733929 examples [01:22, 12636.97 examples/s]Generating train split: 735929 examples [01:23, 13334.82 examples/s]Generating train split: 737929 examples [01:23, 14122.41 examples/s]Generating train split: 739929 examples [01:23, 14142.73 examples/s]Generating train split: 741929 examples [01:23, 14793.49 examples/s]Generating train split: 743929 examples [01:23, 14999.68 examples/s]Generating train split: 745929 examples [01:24, 7002.00 examples/s] Generating train split: 747929 examples [01:24, 8355.47 examples/s]Generating train split: 749929 examples [01:24, 6608.14 examples/s]Generating train split: 751929 examples [01:24, 8013.95 examples/s]Generating train split: 753929 examples [01:24, 9377.58 examples/s]Generating train split: 755929 examples [01:25, 10228.99 examples/s]Generating train split: 757929 examples [01:25, 11348.53 examples/s]Generating train split: 759929 examples [01:25, 10440.03 examples/s]Generating train split: 761929 examples [01:25, 11490.95 examples/s]Generating train split: 763929 examples [01:25, 12187.38 examples/s]Generating train split: 765929 examples [01:25, 11796.98 examples/s]Generating train split: 767929 examples [01:26, 10882.49 examples/s]Generating train split: 769929 examples [01:26, 11856.98 examples/s]Generating train split: 771929 examples [01:26, 12711.53 examples/s]Generating train split: 773929 examples [01:26, 13374.81 examples/s]Generating train split: 775929 examples [01:26, 13874.38 examples/s]Generating train split: 777929 examples [01:26, 13508.11 examples/s]Generating train split: 779929 examples [01:27, 13514.57 examples/s]Generating train split: 781929 examples [01:27, 14043.41 examples/s]Generating train split: 783929 examples [01:27, 13444.47 examples/s]Generating train split: 785929 examples [01:31, 1354.80 examples/s] Generating train split: 787929 examples [01:31, 1869.56 examples/s]Generating train split: 790218 examples [01:32, 2629.75 examples/s]Generating train split: 792218 examples [01:32, 3466.98 examples/s]Generating train split: 794218 examples [01:32, 4513.23 examples/s]Generating train split: 796218 examples [01:32, 5701.36 examples/s]Generating train split: 798218 examples [01:32, 7009.01 examples/s]Generating train split: 800218 examples [01:32, 8454.49 examples/s]Generating train split: 802218 examples [01:32, 8748.65 examples/s]Generating train split: 804218 examples [01:33, 10039.45 examples/s]Generating train split: 806218 examples [01:33, 11177.91 examples/s]Generating train split: 808218 examples [01:33, 10920.90 examples/s]Generating train split: 810218 examples [01:33, 11990.49 examples/s]Generating train split: 812218 examples [01:33, 12810.56 examples/s]Generating train split: 814218 examples [01:33, 13470.83 examples/s]Generating train split: 816218 examples [01:33, 13964.80 examples/s]Generating train split: 818218 examples [01:34, 12412.19 examples/s]Generating train split: 820218 examples [01:34, 10481.64 examples/s]Generating train split: 822218 examples [01:34, 11565.21 examples/s]Generating train split: 824218 examples [01:34, 12503.14 examples/s]Generating train split: 826218 examples [01:34, 11572.19 examples/s]Generating train split: 828218 examples [01:35, 12496.21 examples/s]Generating train split: 830218 examples [01:35, 13020.55 examples/s]Generating train split: 832218 examples [01:35, 13609.02 examples/s]Generating train split: 834218 examples [01:35, 13250.29 examples/s]Generating train split: 836218 examples [01:35, 13800.40 examples/s]Generating train split: 838218 examples [01:35, 14509.59 examples/s]Generating train split: 840218 examples [01:35, 14750.56 examples/s]Generating train split: 842218 examples [01:35, 14897.29 examples/s]Generating train split: 844218 examples [01:36, 15004.76 examples/s]Generating train split: 846218 examples [01:36, 15086.35 examples/s]Generating train split: 848218 examples [01:36, 15465.30 examples/s]Generating train split: 850218 examples [01:36, 15390.19 examples/s]Generating train split: 852218 examples [01:36, 15377.30 examples/s]Generating train split: 854218 examples [01:36, 15395.37 examples/s]Generating train split: 856218 examples [01:36, 15357.57 examples/s]Generating train split: 858218 examples [01:36, 15705.21 examples/s]Generating train split: 859506 examples [01:41, 8462.23 examples/s] 
Downloading data files:   0%|          | 0/2 [00:00<?, ?it/s]Downloading data files: 100%|██████████| 2/2 [00:00<00:00, 468.06it/s]
Extracting data files:   0%|          | 0/2 [00:00<?, ?it/s]Extracting data files: 100%|██████████| 2/2 [00:00<00:00, 68.26it/s]
Generating train split: 0 examples [00:00, ? examples/s]Generating train split: 9000 examples [00:00, 81681.41 examples/s]Generating train split: 18000 examples [00:00, 71873.03 examples/s]Generating train split: 26000 examples [00:00, 68696.67 examples/s]Generating train split: 37000 examples [00:00, 65889.85 examples/s]Generating train split: 49000 examples [00:00, 79881.74 examples/s]Generating train split: 58000 examples [00:00, 80562.33 examples/s]Generating train split: 68000 examples [00:00, 82388.97 examples/s]Generating train split: 78000 examples [00:00, 84315.58 examples/s]Generating train split: 89344 examples [00:01, 75983.35 examples/s]Generating train split: 103344 examples [00:05, 7656.72 examples/s]Generating train split: 117344 examples [00:05, 11406.69 examples/s]Generating train split: 131344 examples [00:05, 16356.72 examples/s]Generating train split: 143344 examples [00:06, 21763.66 examples/s]Generating train split: 156344 examples [00:06, 29249.65 examples/s]Generating train split: 169344 examples [00:06, 38209.17 examples/s]Generating train split: 182688 examples [00:06, 48606.99 examples/s]Generating train split: 195688 examples [00:10, 8255.84 examples/s] Generating train split: 204688 examples [00:11, 10361.71 examples/s]Generating train split: 217688 examples [00:11, 14381.21 examples/s]Generating train split: 225688 examples [00:11, 17521.14 examples/s]Generating train split: 238688 examples [00:11, 24634.05 examples/s]Generating train split: 252688 examples [00:11, 34041.15 examples/s]Generating train split: 267032 examples [00:11, 42791.91 examples/s]Generating train split: 278032 examples [00:11, 50273.53 examples/s]Generating train split: 292032 examples [00:16, 8242.71 examples/s] Generating train split: 303032 examples [00:16, 10916.77 examples/s]Generating train split: 312032 examples [00:16, 13800.66 examples/s]Generating train split: 324032 examples [00:16, 18977.19 examples/s]Generating train split: 334321 examples [00:16, 24399.67 examples/s]Generating train split: 346321 examples [00:17, 32224.37 examples/s]Generating train split: 356321 examples [00:21, 6792.27 examples/s] Generating train split: 365321 examples [00:21, 8924.86 examples/s]Generating train split: 377321 examples [00:21, 12794.43 examples/s]Generating train split: 388321 examples [00:21, 17335.53 examples/s]Generating train split: 398609 examples [00:22, 21619.52 examples/s]Generating train split: 410609 examples [00:22, 27852.33 examples/s]Generating train split: 420609 examples [00:22, 34575.90 examples/s]Generating train split: 431609 examples [00:26, 6794.53 examples/s] Generating train split: 442609 examples [00:27, 9467.06 examples/s]Generating train split: 454609 examples [00:27, 13369.84 examples/s]Generating train split: 465897 examples [00:27, 18149.64 examples/s]Generating train split: 479897 examples [00:27, 25933.14 examples/s]Generating train split: 493897 examples [00:27, 35413.23 examples/s]Generating train split: 507897 examples [00:27, 46435.61 examples/s]Generating train split: 523897 examples [00:32, 8907.01 examples/s] Generating train split: 537897 examples [00:32, 12390.82 examples/s]Generating train split: 551241 examples [00:32, 16790.56 examples/s]Generating train split: 565241 examples [00:32, 22841.07 examples/s]Generating train split: 579241 examples [00:32, 30533.95 examples/s]Generating train split: 593241 examples [00:32, 39859.29 examples/s]Generating train split: 607241 examples [00:32, 50679.02 examples/s]Generating train split: 620241 examples [00:37, 8809.77 examples/s] Generating train split: 634241 examples [00:37, 12326.25 examples/s]Generating train split: 647585 examples [00:37, 16756.42 examples/s]Generating train split: 661585 examples [00:37, 22881.15 examples/s]Generating train split: 675585 examples [00:37, 30633.59 examples/s]Generating train split: 689585 examples [00:37, 40054.64 examples/s]Generating train split: 703585 examples [00:37, 50878.54 examples/s]Generating train split: 721929 examples [00:42, 9684.76 examples/s] Generating train split: 733929 examples [00:42, 12564.11 examples/s]Generating train split: 745929 examples [00:42, 16401.74 examples/s]Generating train split: 757929 examples [00:42, 21380.96 examples/s]Generating train split: 768929 examples [00:43, 26976.62 examples/s]Generating train split: 780929 examples [00:43, 34562.50 examples/s]Generating train split: 797218 examples [00:47, 8293.47 examples/s] Generating train split: 809218 examples [00:47, 11126.44 examples/s]Generating train split: 820218 examples [00:47, 14553.62 examples/s]Generating train split: 832218 examples [00:48, 19482.67 examples/s]Generating train split: 844218 examples [00:48, 25691.09 examples/s]Generating train split: 855218 examples [00:48, 32401.48 examples/s]Generating train split: 859506 examples [00:52, 16293.14 examples/s]
Downloading data files:   0%|          | 0/2 [00:00<?, ?it/s]Downloading data files: 100%|██████████| 2/2 [00:00<00:00, 4485.89it/s]
Extracting data files:   0%|          | 0/2 [00:00<?, ?it/s]Extracting data files: 100%|██████████| 2/2 [00:00<00:00, 57.06it/s]
Generating train split: 0 examples [00:00, ? examples/s]❌ ERROR  | 2024-04-08 21:41:50 | autotrain.trainers.common:wrapper:93 - train has failed due to an exception: Traceback (most recent call last):
  File "/u/jmz9sad/.conda/envs/llamatrain/lib/python3.11/site-packages/datasets/builder.py", line 1933, in _prepare_split_single
    writer = writer_class(
             ^^^^^^^^^^^^^
  File "/u/jmz9sad/.conda/envs/llamatrain/lib/python3.11/site-packages/datasets/arrow_writer.py", line 334, in __init__
    self.stream = self._fs.open(fs_token_paths[2][0], "wb")
                  ^^^^^^^^^^^^^^^^^^^^^^^^^^^^^^^^^^^^^^^^^
  File "/u/jmz9sad/.conda/envs/llamatrain/lib/python3.11/site-packages/fsspec/spec.py", line 1307, in open
    f = self._open(
        ^^^^^^^^^^^
  File "/u/jmz9sad/.conda/envs/llamatrain/lib/python3.11/site-packages/fsspec/implementations/local.py", line 180, in _open
    return LocalFileOpener(path, mode, fs=self, **kwargs)
           ^^^^^^^^^^^^^^^^^^^^^^^^^^^^^^^^^^^^^^^^^^^^^^
  File "/u/jmz9sad/.conda/envs/llamatrain/lib/python3.11/site-packages/fsspec/implementations/local.py", line 302, in __init__
    self._open()
  File "/u/jmz9sad/.conda/envs/llamatrain/lib/python3.11/site-packages/fsspec/implementations/local.py", line 307, in _open
    self.f = open(self.path, mode=self.mode)
             ^^^^^^^^^^^^^^^^^^^^^^^^^^^^^^^
OSError: [Errno 122] Disk quota exceeded: '/u/jmz9sad/.cache/huggingface/datasets/data/default-cc9ac24aef3b62e7/0.0.0/74f69db2c14c2860059d39860b1f400a03d11bf7fb5a8258ca38c501c878c137.incomplete/data-train-00000-00010-of-NNNNN.arrow'

During handling of the above exception, another exception occurred:

Traceback (most recent call last):
  File "/u/jmz9sad/.conda/envs/llamatrain/lib/python3.11/site-packages/datasets/builder.py", line 1949, in _prepare_split_single
    num_examples, num_bytes = writer.finalize()
                              ^^^^^^^^^^^^^^^^^
  File "/u/jmz9sad/.conda/envs/llamatrain/lib/python3.11/site-packages/datasets/arrow_writer.py", line 589, in finalize
    self._build_writer(self.schema)
  File "/u/jmz9sad/.conda/envs/llamatrain/lib/python3.11/site-packages/datasets/arrow_writer.py", line 400, in _build_writer
    self.pa_writer = self._WRITER_CLASS(self.stream, schema)
                     ^^^^^^^^^^^^^^^^^^^^^^^^^^^^^^^^^^^^^^^
  File "/u/jmz9sad/.conda/envs/llamatrain/lib/python3.11/site-packages/pyarrow/ipc.py", line 85, in __init__
    self._open(sink, schema, options=options)
  File "pyarrow/ipc.pxi", line 582, in pyarrow.lib._RecordBatchStreamWriter._open
  File "pyarrow/io.pxi", line 2084, in pyarrow.lib.get_writer
  File "pyarrow/io.pxi", line 219, in pyarrow.lib.NativeFile.get_output_stream
  File "pyarrow/io.pxi", line 233, in pyarrow.lib.NativeFile._assert_writable
  File "pyarrow/io.pxi", line 224, in pyarrow.lib.NativeFile._assert_open
ValueError: I/O operation on closed file

The above exception was the direct cause of the following exception:

Traceback (most recent call last):
  File "/u/jmz9sad/.conda/envs/llamatrain/lib/python3.11/site-packages/autotrain/trainers/common.py", line 90, in wrapper
    return func(*args, **kwargs)
           ^^^^^^^^^^^^^^^^^^^^^
  File "/u/jmz9sad/.conda/envs/llamatrain/lib/python3.11/site-packages/autotrain/trainers/clm/__main__.py", line 128, in train
    train_data, valid_data = process_input_data(config)
                             ^^^^^^^^^^^^^^^^^^^^^^^^^^
  File "/u/jmz9sad/.conda/envs/llamatrain/lib/python3.11/site-packages/autotrain/trainers/clm/__main__.py", line 71, in process_input_data
    train_data = load_dataset(
                 ^^^^^^^^^^^^^
  File "/u/jmz9sad/.conda/envs/llamatrain/lib/python3.11/site-packages/datasets/load.py", line 2153, in load_dataset
    builder_instance.download_and_prepare(
  File "/u/jmz9sad/.conda/envs/llamatrain/lib/python3.11/site-packages/datasets/builder.py", line 954, in download_and_prepare
    self._download_and_prepare(
  File "/u/jmz9sad/.conda/envs/llamatrain/lib/python3.11/site-packages/datasets/builder.py", line 1049, in _download_and_prepare
    self._prepare_split(split_generator, **prepare_split_kwargs)
  File "/u/jmz9sad/.conda/envs/llamatrain/lib/python3.11/site-packages/datasets/builder.py", line 1813, in _prepare_split
    for job_id, done, content in self._prepare_split_single(
  File "/u/jmz9sad/.conda/envs/llamatrain/lib/python3.11/site-packages/datasets/builder.py", line 1958, in _prepare_split_single
    raise DatasetGenerationError("An error occurred while generating the dataset") from e
datasets.builder.DatasetGenerationError: An error occurred while generating the dataset

❌ ERROR  | 2024-04-08 21:41:50 | autotrain.trainers.common:wrapper:94 - An error occurred while generating the dataset
Generating train split: 7000 examples [00:00, 55985.16 examples/s]Generating train split: 13000 examples [00:00, 55134.04 examples/s]Generating train split: 21000 examples [00:00, 56146.88 examples/s]Generating train split: 29000 examples [00:00, 60959.20 examples/s]Generating train split: 36000 examples [00:00, 60545.25 examples/s]Generating train split: 44000 examples [00:00, 59050.89 examples/s]Generating train split: 52000 examples [00:00, 60035.45 examples/s]Generating train split: 61000 examples [00:01, 63287.28 examples/s]Generating train split: 68000 examples [00:01, 62431.36 examples/s]Generating train split: 76000 examples [00:01, 63386.06 examples/s]Generating train split: 84000 examples [00:01, 61861.11 examples/s]Generating train split: 90344 examples [00:01, 61575.05 examples/s]Generating train split: 103344 examples [00:06, 6245.79 examples/s]Generating train split: 117344 examples [00:06, 10098.65 examples/s]Generating train split: 131344 examples [00:06, 15178.85 examples/s]Generating train split: 143344 examples [00:06, 20741.24 examples/s]Generating train split: 156344 examples [00:06, 28432.73 examples/s]Generating train split: 170344 examples [00:06, 38357.70 examples/s]Generating train split: 184688 examples [00:06, 49952.66 examples/s]Generating train split: 198688 examples [00:11, 8711.39 examples/s] Generating train split: 213688 examples [00:11, 12491.78 examples/s]Generating train split: 229688 examples [00:11, 17879.96 examples/s]Generating train split: 243688 examples [00:11, 23844.70 examples/s]Generating train split: 258032 examples [00:11, 31491.12 examples/s]Generating train split: 273032 examples [00:11, 39608.75 examples/s]Generating train split: 286032 examples [00:16, 8694.49 examples/s] Generating train split: 298032 examples [00:16, 11539.89 examples/s]Generating train split: 308032 examples [00:16, 14590.56 examples/s]Generating train split: 320032 examples [00:16, 19583.07 examples/s]Generating train split: 331321 examples [00:16, 25384.92 examples/s]Generating train split: 343321 examples [00:16, 33086.72 examples/s]Generating train split: 355321 examples [00:16, 41661.70 examples/s]Generating train split: 368321 examples [00:21, 7843.26 examples/s] Generating train split: 380321 examples [00:21, 10809.67 examples/s]Generating train split: 391321 examples [00:21, 14408.45 examples/s]Generating train split: 403609 examples [00:21, 19706.53 examples/s]Generating train split: 415609 examples [00:21, 26057.69 examples/s]Generating train split: 425609 examples [00:22, 32194.21 examples/s]Generating train split: 437609 examples [00:26, 7163.71 examples/s] Generating train split: 449609 examples [00:26, 10054.28 examples/s]Generating train split: 461609 examples [00:26, 13928.78 examples/s]Generating train split: 475897 examples [00:26, 20023.76 examples/s]Generating train split: 491897 examples [00:27, 28751.88 examples/s]Generating train split: 507897 examples [00:27, 39269.29 examples/s]Generating train split: 524897 examples [00:31, 9366.34 examples/s] Generating train split: 540897 examples [00:31, 13221.59 examples/s]Generating train split: 555241 examples [00:31, 17797.57 examples/s]Generating train split: 570241 examples [00:32, 24072.97 examples/s]Generating train split: 586241 examples [00:32, 32549.00 examples/s]Generating train split: 602241 examples [00:32, 42776.45 examples/s]Generating train split: 620241 examples [00:36, 10051.83 examples/s]Generating train split: 635585 examples [00:36, 13707.21 examples/s]Generating train split: 650585 examples [00:37, 18470.46 examples/s]Generating train split: 665585 examples [00:37, 24714.74 examples/s]Generating train split: 681585 examples [00:37, 33142.93 examples/s]Generating train split: 697585 examples [00:37, 43289.71 examples/s]Generating train split: 715585 examples [00:41, 10109.66 examples/s]Generating train split: 727929 examples [00:42, 12978.09 examples/s]Generating train split: 739929 examples [00:42, 16719.26 examples/s]Generating train split: 751929 examples [00:42, 21610.90 examples/s]Generating train split: 763929 examples [00:42, 27765.78 examples/s]Generating train split: 774929 examples [00:42, 34475.47 examples/s]Generating train split: 785929 examples [00:47, 7452.73 examples/s] Generating train split: 797218 examples [00:47, 10158.34 examples/s]Generating train split: 809218 examples [00:47, 14040.75 examples/s]Generating train split: 820218 examples [00:47, 18620.85 examples/s]Generating train split: 832218 examples [00:47, 25055.10 examples/s]Generating train split: 844218 examples [00:47, 32883.78 examples/s]Generating train split: 855218 examples [00:47, 40901.09 examples/s]Generating train split: 859506 examples [00:52, 16492.22 examples/s]
Downloading data files:   0%|          | 0/2 [00:00<?, ?it/s]Downloading data files: 100%|██████████| 2/2 [00:00<00:00, 4301.85it/s]
Extracting data files:   0%|          | 0/2 [00:00<?, ?it/s]Extracting data files: 100%|██████████| 2/2 [00:00<00:00, 42.21it/s]
Generating train split: 0 examples [00:00, ? examples/s]Generating train split: 7000 examples [00:00, 58351.82 examples/s]Generating train split: 15000 examples [00:00, 61500.35 examples/s]Generating train split: 25000 examples [00:00, 74545.58 examples/s]Generating train split: 37000 examples [00:00, 69586.12 examples/s]Generating train split: 45000 examples [00:00, 66386.26 examples/s]Generating train split: 54000 examples [00:00, 66516.64 examples/s]Generating train split: 63000 examples [00:00, 68506.20 examples/s]Generating train split: 73000 examples [00:01, 65421.51 examples/s]Generating train split: 81000 examples [00:01, 66433.75 examples/s]Generating train split: 92344 examples [00:01, 66259.60 examples/s]Generating train split: 104344 examples [00:05, 6943.97 examples/s]Generating train split: 120344 examples [00:06, 11250.03 examples/s]Generating train split: 134344 examples [00:06, 16187.79 examples/s]Generating train split: 149344 examples [00:06, 23067.21 examples/s]Generating train split: 164344 examples [00:06, 31622.96 examples/s]Generating train split: 176688 examples [00:06, 39566.75 examples/s]Generating train split: 191688 examples [00:11, 8685.68 examples/s] Generating train split: 206688 examples [00:11, 12364.78 examples/s]Generating train split: 221688 examples [00:11, 17260.55 examples/s]Generating train split: 236688 examples [00:11, 23609.20 examples/s]Generating train split: 251688 examples [00:11, 31598.50 examples/s]Generating train split: 268032 examples [00:11, 40530.55 examples/s]Generating train split: 281032 examples [00:16, 8905.14 examples/s] Generating train split: 293032 examples [00:16, 11717.68 examples/s]Generating train split: 304032 examples [00:16, 15156.30 examples/s]Generating train split: 314032 examples [00:16, 19169.38 examples/s]Generating train split: 325321 examples [00:16, 25102.29 examples/s]Generating train split: 337321 examples [00:16, 32781.72 examples/s]Generating train split: 349321 examples [00:16, 41852.33 examples/s]Generating train split: 362321 examples [00:21, 7688.24 examples/s] Generating train split: 374321 examples [00:21, 10624.95 examples/s]Generating train split: 386321 examples [00:21, 14555.19 examples/s]Generating train split: 397609 examples [00:21, 19328.65 examples/s]Generating train split: 409609 examples [00:21, 25844.26 examples/s]Generating train split: 421609 examples [00:22, 33212.09 examples/s]Generating train split: 437609 examples [00:26, 8008.69 examples/s] Generating train split: 449609 examples [00:26, 10839.36 examples/s]Generating train split: 461609 examples [00:26, 14643.96 examples/s]Generating train split: 475897 examples [00:26, 20643.96 examples/s]Generating train split: 491897 examples [00:27, 29290.44 examples/s]Generating train split: 507897 examples [00:27, 39776.41 examples/s]Generating train split: 524897 examples [00:31, 9370.11 examples/s] Generating train split: 540897 examples [00:31, 13192.33 examples/s]Generating train split: 555241 examples [00:31, 17740.63 examples/s]Generating train split: 570241 examples [00:32, 24004.15 examples/s]Generating train split: 586241 examples [00:32, 32505.35 examples/s]Generating train split: 602241 examples [00:32, 42815.69 examples/s]Generating train split: 621241 examples [00:36, 10181.55 examples/s]Generating train split: 636585 examples [00:36, 13811.16 examples/s]Generating train split: 652585 examples [00:37, 18888.15 examples/s]Generating train split: 668585 examples [00:37, 25512.59 examples/s]Generating train split: 684585 examples [00:37, 33908.03 examples/s]Generating train split: 700585 examples [00:37, 44042.46 examples/s]Generating train split: 716585 examples [00:42, 9805.08 examples/s] Generating train split: 728929 examples [00:42, 12669.02 examples/s]Generating train split: 740929 examples [00:42, 16417.66 examples/s]Generating train split: 752929 examples [00:42, 21336.80 examples/s]Generating train split: 764929 examples [00:42, 27512.60 examples/s]Generating train split: 776929 examples [00:42, 35019.66 examples/s]Generating train split: 791218 examples [00:47, 8116.63 examples/s] Generating train split: 803218 examples [00:47, 10980.71 examples/s]Generating train split: 815218 examples [00:47, 14825.85 examples/s]Generating train split: 826218 examples [00:47, 19367.42 examples/s]Generating train split: 838218 examples [00:47, 25783.89 examples/s]Generating train split: 850218 examples [00:47, 33594.56 examples/s]Generating train split: 859506 examples [00:52, 16495.77 examples/s]
